nohup: ignoring input
Processing...
408
[3.]
[Data(edge_index=[2, 15], x=[7, 5], y=[1]), Data(edge_index=[2, 29], x=[11, 5], y=[1]), Data(edge_index=[2, 37], x=[18, 5], y=[1]), Data(edge_index=[2, 41], x=[11, 5], y=[1]), Data(edge_index=[2, 48], x=[11, 5], y=[1]), Data(edge_index=[2, 49], x=[9, 5], y=[1]), Data(edge_index=[2, 50], x=[38, 5], y=[1]), Data(edge_index=[2, 64], x=[23, 5], y=[1]), Data(edge_index=[2, 76], x=[11, 5], y=[1]), Data(edge_index=[2, 96], x=[73, 5], y=[1]), Data(edge_index=[2, 118], x=[35, 5], y=[1]), Data(edge_index=[2, 122], x=[72, 5], y=[1]), Data(edge_index=[2, 135], x=[33, 5], y=[1]), Data(edge_index=[2, 149], x=[53, 5], y=[1]), Data(edge_index=[2, 149], x=[105, 5], y=[1]), Data(edge_index=[2, 193], x=[111, 5], y=[1]), Data(edge_index=[2, 229], x=[180, 5], y=[1]), Data(edge_index=[2, 238], x=[87, 5], y=[1]), Data(edge_index=[2, 232], x=[80, 5], y=[1]), Data(edge_index=[2, 287], x=[62, 5], y=[1]), Data(edge_index=[2, 294], x=[67, 5], y=[1]), Data(edge_index=[2, 306], x=[102, 5], y=[1]), Data(edge_index=[2, 928], x=[80, 5], y=[1]), Data(edge_index=[2, 414], x=[132, 5], y=[1]), Data(edge_index=[2, 450], x=[62, 5], y=[1]), Data(edge_index=[2, 460], x=[452, 5], y=[1]), Data(edge_index=[2, 479], x=[136, 5], y=[1]), Data(edge_index=[2, 572], x=[207, 5], y=[1]), Data(edge_index=[2, 592], x=[300, 5], y=[1]), Data(edge_index=[2, 645], x=[953, 5], y=[1]), Data(edge_index=[2, 655], x=[113, 5], y=[1]), Data(edge_index=[2, 708], x=[100, 5], y=[1]), Data(edge_index=[2, 796], x=[200, 5], y=[1]), Data(edge_index=[2, 870], x=[120, 5], y=[1]), Data(edge_index=[2, 935], x=[163, 5], y=[1]), Data(edge_index=[2, 1005], x=[185, 5], y=[1]), Data(edge_index=[2, 992], x=[104, 5], y=[1]), Data(edge_index=[2, 1069], x=[183, 5], y=[1]), Data(edge_index=[2, 1041], x=[638, 5], y=[1]), Data(edge_index=[2, 1069], x=[183, 5], y=[1]), Data(edge_index=[2, 1120], x=[200, 5], y=[1]), Data(edge_index=[2, 1120], x=[200, 5], y=[1]), Data(edge_index=[2, 1128], x=[238, 5], y=[1]), Data(edge_index=[2, 1201], x=[400, 5], y=[1]), Data(edge_index=[2, 1308], x=[225, 5], y=[1]), Data(edge_index=[2, 1317], x=[528, 5], y=[1]), Data(edge_index=[2, 1317], x=[528, 5], y=[1]), Data(edge_index=[2, 1503], x=[180, 5], y=[1]), Data(edge_index=[2, 1544], x=[430, 5], y=[1]), Data(edge_index=[2, 1544], x=[430, 5], y=[1]), Data(edge_index=[2, 1544], x=[430, 5], y=[1]), Data(edge_index=[2, 1544], x=[430, 5], y=[1]), Data(edge_index=[2, 1544], x=[430, 5], y=[1]), Data(edge_index=[2, 1544], x=[430, 5], y=[1]), Data(edge_index=[2, 1544], x=[430, 5], y=[1]), Data(edge_index=[2, 1544], x=[430, 5], y=[1]), Data(edge_index=[2, 1544], x=[430, 5], y=[1]), Data(edge_index=[2, 1544], x=[430, 5], y=[1]), Data(edge_index=[2, 1544], x=[430, 5], y=[1]), Data(edge_index=[2, 1544], x=[430, 5], y=[1]), Data(edge_index=[2, 1544], x=[430, 5], y=[1]), Data(edge_index=[2, 1544], x=[430, 5], y=[1]), Data(edge_index=[2, 1544], x=[430, 5], y=[1]), Data(edge_index=[2, 1544], x=[430, 5], y=[1]), Data(edge_index=[2, 1544], x=[430, 5], y=[1]), Data(edge_index=[2, 1544], x=[430, 5], y=[1]), Data(edge_index=[2, 1544], x=[430, 5], y=[1]), Data(edge_index=[2, 1544], x=[430, 5], y=[1]), Data(edge_index=[2, 1544], x=[430, 5], y=[1]), Data(edge_index=[2, 1544], x=[430, 5], y=[1]), Data(edge_index=[2, 1544], x=[430, 5], y=[1]), Data(edge_index=[2, 1544], x=[430, 5], y=[1]), Data(edge_index=[2, 1544], x=[430, 5], y=[1]), Data(edge_index=[2, 1544], x=[430, 5], y=[1]), Data(edge_index=[2, 1544], x=[430, 5], y=[1]), Data(edge_index=[2, 1544], x=[430, 5], y=[1]), Data(edge_index=[2, 1544], x=[430, 5], y=[1]), Data(edge_index=[2, 1544], x=[430, 5], y=[1]), Data(edge_index=[2, 1544], x=[430, 5], y=[1]), Data(edge_index=[2, 1544], x=[430, 5], y=[1]), Data(edge_index=[2, 1544], x=[430, 5], y=[1]), Data(edge_index=[2, 1614], x=[430, 5], y=[1]), Data(edge_index=[2, 1687], x=[663, 5], y=[1]), Data(edge_index=[2, 1727], x=[497, 5], y=[1]), Data(edge_index=[2, 1910], x=[479, 5], y=[1]), Data(edge_index=[2, 2192], x=[512, 5], y=[1]), Data(edge_index=[2, 2157], x=[381, 5], y=[1]), Data(edge_index=[2, 2646], x=[680, 5], y=[1]), Data(edge_index=[2, 2196], x=[340, 5], y=[1]), Data(edge_index=[2, 2345], x=[297, 5], y=[1]), Data(edge_index=[2, 2417], x=[367, 5], y=[1]), Data(edge_index=[2, 2646], x=[680, 5], y=[1]), Data(edge_index=[2, 2480], x=[512, 5], y=[1]), Data(edge_index=[2, 2480], x=[512, 5], y=[1]), Data(edge_index=[2, 2500], x=[512, 5], y=[1]), Data(edge_index=[2, 2547], x=[1028, 5], y=[1]), Data(edge_index=[2, 2547], x=[1028, 5], y=[1]), Data(edge_index=[2, 2580], x=[450, 5], y=[1]), Data(edge_index=[2, 2580], x=[450, 5], y=[1]), Data(edge_index=[2, 2659], x=[180, 5], y=[1]), Data(edge_index=[2, 2779], x=[415, 5], y=[1]), Data(edge_index=[2, 2854], x=[655, 5], y=[1]), Data(edge_index=[2, 2860], x=[400, 5], y=[1]), Data(edge_index=[2, 2881], x=[1182, 5], y=[1]), Data(edge_index=[2, 3068], x=[363, 5], y=[1]), Data(edge_index=[2, 3155], x=[300, 5], y=[1]), Data(edge_index=[2, 3182], x=[308, 5], y=[1]), Data(edge_index=[2, 3276], x=[822, 5], y=[1]), Data(edge_index=[2, 3279], x=[363, 5], y=[1]), Data(edge_index=[2, 3354], x=[882, 5], y=[1]), Data(edge_index=[2, 3474], x=[532, 5], y=[1]), Data(edge_index=[2, 3546], x=[1090, 5], y=[1]), Data(edge_index=[2, 3678], x=[398, 5], y=[1]), Data(edge_index=[2, 5399], x=[1157, 5], y=[1]), Data(edge_index=[2, 3884], x=[656, 5], y=[1]), Data(edge_index=[2, 4228], x=[1089, 5], y=[1]), Data(edge_index=[2, 3988], x=[841, 5], y=[1]), Data(edge_index=[2, 3996], x=[1000, 5], y=[1]), Data(edge_index=[2, 3200], x=[800, 5], y=[1]), Data(edge_index=[2, 4264], x=[1089, 5], y=[1]), Data(edge_index=[2, 4172], x=[822, 5], y=[1]), Data(edge_index=[2, 4710], x=[434, 5], y=[1]), Data(edge_index=[2, 4285], x=[541, 5], y=[1]), Data(edge_index=[2, 4285], x=[541, 5], y=[1]), Data(edge_index=[2, 4380], x=[900, 5], y=[1]), Data(edge_index=[2, 4534], x=[822, 5], y=[1]), Data(edge_index=[2, 4640], x=[800, 5], y=[1]), Data(edge_index=[2, 4661], x=[822, 5], y=[1]), Data(edge_index=[2, 4681], x=[961, 5], y=[1]), Data(edge_index=[2, 4681], x=[961, 5], y=[1]), Data(edge_index=[2, 4681], x=[961, 5], y=[1]), Data(edge_index=[2, 4681], x=[961, 5], y=[1]), Data(edge_index=[2, 4790], x=[822, 5], y=[1]), Data(edge_index=[2, 4919], x=[1059, 5], y=[1]), Data(edge_index=[2, 5075], x=[1022, 5], y=[1]), Data(edge_index=[2, 5184], x=[2000, 5], y=[1]), Data(edge_index=[2, 5341], x=[2182, 5], y=[1]), Data(edge_index=[2, 5632], x=[968, 5], y=[1]), Data(edge_index=[2, 5976], x=[760, 5], y=[1]), Data(edge_index=[2, 5860], x=[1220, 5], y=[1]), Data(edge_index=[2, 5883], x=[1020, 5], y=[1]), Data(edge_index=[2, 5884], x=[1220, 5], y=[1]), Data(edge_index=[2, 5888], x=[1220, 5], y=[1]), Data(edge_index=[2, 5892], x=[1220, 5], y=[1]), Data(edge_index=[2, 5892], x=[1220, 5], y=[1]), Data(edge_index=[2, 5892], x=[1220, 5], y=[1]), Data(edge_index=[2, 5892], x=[1220, 5], y=[1]), Data(edge_index=[2, 5892], x=[1220, 5], y=[1]), Data(edge_index=[2, 5892], x=[1220, 5], y=[1]), Data(edge_index=[2, 5892], x=[1220, 5], y=[1]), Data(edge_index=[2, 5892], x=[1220, 5], y=[1]), Data(edge_index=[2, 5892], x=[1220, 5], y=[1]), Data(edge_index=[2, 5892], x=[1220, 5], y=[1]), Data(edge_index=[2, 5892], x=[1220, 5], y=[1]), Data(edge_index=[2, 5892], x=[1220, 5], y=[1]), Data(edge_index=[2, 5892], x=[1220, 5], y=[1]), Data(edge_index=[2, 5892], x=[1220, 5], y=[1]), Data(edge_index=[2, 5892], x=[1220, 5], y=[1]), Data(edge_index=[2, 5892], x=[1220, 5], y=[1]), Data(edge_index=[2, 5892], x=[1220, 5], y=[1]), Data(edge_index=[2, 5892], x=[1220, 5], y=[1]), Data(edge_index=[2, 5892], x=[1220, 5], y=[1]), Data(edge_index=[2, 5892], x=[1220, 5], y=[1]), Data(edge_index=[2, 5892], x=[1220, 5], y=[1]), Data(edge_index=[2, 5892], x=[1220, 5], y=[1]), Data(edge_index=[2, 5892], x=[1220, 5], y=[1]), Data(edge_index=[2, 5892], x=[1220, 5], y=[1]), Data(edge_index=[2, 7327], x=[317, 5], y=[1]), Data(edge_index=[2, 7327], x=[317, 5], y=[1]), Data(edge_index=[2, 7300], x=[1250, 5], y=[1]), Data(edge_index=[2, 7327], x=[317, 5], y=[1]), Data(edge_index=[2, 7382], x=[1220, 5], y=[1]), Data(edge_index=[2, 7764], x=[1794, 5], y=[1]), Data(edge_index=[2, 8032], x=[1538, 5], y=[1]), Data(edge_index=[2, 8606], x=[1374, 5], y=[1]), Data(edge_index=[2, 8784], x=[4000, 5], y=[1]), Data(edge_index=[2, 9000], x=[3001, 5], y=[1]), Data(edge_index=[2, 9613], x=[1224, 5], y=[1]), Data(edge_index=[2, 9927], x=[4028, 5], y=[1]), Data(edge_index=[2, 10114], x=[2048, 5], y=[1]), Data(edge_index=[2, 10261], x=[4182, 5], y=[1]), Data(edge_index=[2, 10261], x=[4182, 5], y=[1]), Data(edge_index=[2, 10413], x=[3084, 5], y=[1]), Data(edge_index=[2, 10685], x=[791, 5], y=[1]), Data(edge_index=[2, 11003], x=[1015, 5], y=[1]), Data(edge_index=[2, 11097], x=[1813, 5], y=[1]), Data(edge_index=[2, 11156], x=[1813, 5], y=[1]), Data(edge_index=[2, 11226], x=[1813, 5], y=[1]), Data(edge_index=[2, 11245], x=[1813, 5], y=[1]), Data(edge_index=[2, 11246], x=[1813, 5], y=[1]), Data(edge_index=[2, 11246], x=[1813, 5], y=[1]), Data(edge_index=[2, 11246], x=[1813, 5], y=[1]), Data(edge_index=[2, 11246], x=[1813, 5], y=[1]), Data(edge_index=[2, 11246], x=[1813, 5], y=[1]), Data(edge_index=[2, 11246], x=[1813, 5], y=[1]), Data(edge_index=[2, 11246], x=[1813, 5], y=[1]), Data(edge_index=[2, 11246], x=[1813, 5], y=[1]), Data(edge_index=[2, 11246], x=[1813, 5], y=[1]), Data(edge_index=[2, 11246], x=[1813, 5], y=[1]), Data(edge_index=[2, 11246], x=[1813, 5], y=[1]), Data(edge_index=[2, 11246], x=[1813, 5], y=[1]), Data(edge_index=[2, 11246], x=[1813, 5], y=[1]), Data(edge_index=[2, 11246], x=[1813, 5], y=[1]), Data(edge_index=[2, 11246], x=[1813, 5], y=[1]), Data(edge_index=[2, 11246], x=[1813, 5], y=[1]), Data(edge_index=[2, 11246], x=[1813, 5], y=[1]), Data(edge_index=[2, 11246], x=[1813, 5], y=[1]), Data(edge_index=[2, 11246], x=[1813, 5], y=[1]), Data(edge_index=[2, 11246], x=[1813, 5], y=[1]), Data(edge_index=[2, 11246], x=[1813, 5], y=[1]), Data(edge_index=[2, 11246], x=[1813, 5], y=[1]), Data(edge_index=[2, 11246], x=[1813, 5], y=[1]), Data(edge_index=[2, 11246], x=[1813, 5], y=[1]), Data(edge_index=[2, 11246], x=[1813, 5], y=[1]), Data(edge_index=[2, 11246], x=[1813, 5], y=[1]), Data(edge_index=[2, 11246], x=[1813, 5], y=[1]), Data(edge_index=[2, 11246], x=[1813, 5], y=[1]), Data(edge_index=[2, 11246], x=[1813, 5], y=[1]), Data(edge_index=[2, 11246], x=[1813, 5], y=[1]), Data(edge_index=[2, 11246], x=[1813, 5], y=[1]), Data(edge_index=[2, 11246], x=[1813, 5], y=[1]), Data(edge_index=[2, 11246], x=[1813, 5], y=[1]), Data(edge_index=[2, 11246], x=[1813, 5], y=[1]), Data(edge_index=[2, 11360], x=[1856, 5], y=[1]), Data(edge_index=[2, 11550], x=[1856, 5], y=[1]), Data(edge_index=[2, 21216], x=[3083, 5], y=[1]), Data(edge_index=[2, 12786], x=[1268, 5], y=[1]), Data(edge_index=[2, 12926], x=[1879, 5], y=[1]), Data(edge_index=[2, 13036], x=[8081, 5], y=[1]), Data(edge_index=[2, 17319], x=[2395, 5], y=[1]), Data(edge_index=[2, 13585], x=[364, 5], y=[1]), Data(edge_index=[2, 14133], x=[2205, 5], y=[1]), Data(edge_index=[2, 14579], x=[1814, 5], y=[1]), Data(edge_index=[2, 14873], x=[2290, 5], y=[1]), Data(edge_index=[2, 17088], x=[480, 5], y=[1]), Data(edge_index=[2, 19635], x=[2880, 5], y=[1]), Data(edge_index=[2, 18246], x=[2909, 5], y=[1]), Data(edge_index=[2, 18592], x=[1477, 5], y=[1]), Data(edge_index=[2, 19144], x=[656, 5], y=[1]), Data(edge_index=[2, 19025], x=[1490, 5], y=[1]), Data(edge_index=[2, 19093], x=[2903, 5], y=[1]), Data(edge_index=[2, 19093], x=[2903, 5], y=[1]), Data(edge_index=[2, 23884], x=[4960, 5], y=[1]), Data(edge_index=[2, 19996], x=[5000, 5], y=[1]), Data(edge_index=[2, 20033], x=[5005, 5], y=[1]), Data(edge_index=[2, 20042], x=[4720, 5], y=[1]), Data(edge_index=[2, 27836], x=[3268, 5], y=[1]), Data(edge_index=[2, 27576], x=[3008, 5], y=[1]), Data(edge_index=[2, 20777], x=[6301, 5], y=[1]), Data(edge_index=[2, 20793], x=[3312, 5], y=[1]), Data(edge_index=[2, 20841], x=[3169, 5], y=[1]), Data(edge_index=[2, 20841], x=[3169, 5], y=[1]), Data(edge_index=[2, 27836], x=[3268, 5], y=[1]), Data(edge_index=[2, 21199], x=[4510, 5], y=[1]), Data(edge_index=[2, 23752], x=[5308, 5], y=[1]), Data(edge_index=[2, 23094], x=[1080, 5], y=[1]), Data(edge_index=[2, 23492], x=[6019, 5], y=[1]), Data(edge_index=[2, 23754], x=[2870, 5], y=[1]), Data(edge_index=[2, 24186], x=[3783, 5], y=[1]), Data(edge_index=[2, 25407], x=[3937, 5], y=[1]), Data(edge_index=[2, 25407], x=[3937, 5], y=[1]), Data(edge_index=[2, 25674], x=[2548, 5], y=[1]), Data(edge_index=[2, 26439], x=[6691, 5], y=[1]), Data(edge_index=[2, 28462], x=[7500, 5], y=[1]), Data(edge_index=[2, 29336], x=[4000, 5], y=[1]), Data(edge_index=[2, 28726], x=[500, 5], y=[1]), Data(edge_index=[2, 29600], x=[5000, 5], y=[1]), Data(edge_index=[2, 32747], x=[1182, 5], y=[1]), Data(edge_index=[2, 32747], x=[1182, 5], y=[1]), Data(edge_index=[2, 34855], x=[7055, 5], y=[1]), Data(edge_index=[2, 32747], x=[1182, 5], y=[1]), Data(edge_index=[2, 32747], x=[1182, 5], y=[1])]
/home/user/pyG/pytorch_geometric/data/Classorder/processed/train.pt
Done!
Epoch: 000, Loss: 73.0562, total_correct: 42.0,total_examples: 68.0,accuracy: 0.6176Train_accuracy: 0.6140
Epoch: 010, Loss: 46.1117, total_correct: 42.0,total_examples: 68.0,accuracy: 0.6176Train_accuracy: 0.6140
Epoch: 020, Loss: 35.6692, total_correct: 42.0,total_examples: 68.0,accuracy: 0.6176Train_accuracy: 0.6140
Epoch: 030, Loss: 31.6882, total_correct: 42.0,total_examples: 68.0,accuracy: 0.6176Train_accuracy: 0.6140
Epoch: 040, Loss: 21.2292, total_correct: 42.0,total_examples: 68.0,accuracy: 0.6176Train_accuracy: 0.6140
Epoch: 050, Loss: 15.3997, total_correct: 42.0,total_examples: 68.0,accuracy: 0.6176Train_accuracy: 0.6103
Epoch: 060, Loss: 17.2071, total_correct: 42.0,total_examples: 68.0,accuracy: 0.6176Train_accuracy: 0.6066
Epoch: 070, Loss: 11.1972, total_correct: 41.0,total_examples: 68.0,accuracy: 0.6029Train_accuracy: 0.6140
Epoch: 080, Loss: 10.6902, total_correct: 40.0,total_examples: 68.0,accuracy: 0.5882Train_accuracy: 0.6066
Epoch: 090, Loss: 8.1574, total_correct: 38.0,total_examples: 68.0,accuracy: 0.5588Train_accuracy: 0.4669
Epoch: 100, Loss: 6.6211, total_correct: 39.0,total_examples: 68.0,accuracy: 0.5735Train_accuracy: 0.5919
Epoch: 110, Loss: 5.7765, total_correct: 39.0,total_examples: 68.0,accuracy: 0.5735Train_accuracy: 0.5846
Epoch: 120, Loss: 4.8991, total_correct: 37.0,total_examples: 68.0,accuracy: 0.5441Train_accuracy: 0.4963
Epoch: 130, Loss: 4.8984, total_correct: 37.0,total_examples: 68.0,accuracy: 0.5441Train_accuracy: 0.5221
Epoch: 140, Loss: 4.0719, total_correct: 36.0,total_examples: 68.0,accuracy: 0.5294Train_accuracy: 0.5882
Epoch: 150, Loss: 4.2785, total_correct: 25.0,total_examples: 68.0,accuracy: 0.3676Train_accuracy: 0.3787
Epoch: 160, Loss: 3.7803, total_correct: 24.0,total_examples: 68.0,accuracy: 0.3529Train_accuracy: 0.3640
Epoch: 170, Loss: 3.1324, total_correct: 24.0,total_examples: 68.0,accuracy: 0.3529Train_accuracy: 0.3566
Epoch: 180, Loss: 3.1464, total_correct: 25.0,total_examples: 68.0,accuracy: 0.3676Train_accuracy: 0.3897
Epoch: 190, Loss: 2.7014, total_correct: 13.0,total_examples: 68.0,accuracy: 0.1912Train_accuracy: 0.3382
Epoch: 200, Loss: 2.2718, total_correct: 25.0,total_examples: 68.0,accuracy: 0.3676Train_accuracy: 0.3713
Epoch: 210, Loss: 2.3453, total_correct: 25.0,total_examples: 68.0,accuracy: 0.3676Train_accuracy: 0.3824
Epoch: 220, Loss: 1.9435, total_correct: 25.0,total_examples: 68.0,accuracy: 0.3676Train_accuracy: 0.3934
Epoch: 230, Loss: 1.7540, total_correct: 25.0,total_examples: 68.0,accuracy: 0.3676Train_accuracy: 0.3787
Epoch: 240, Loss: 2.9933, total_correct: 26.0,total_examples: 68.0,accuracy: 0.3824Train_accuracy: 0.3971
Epoch: 250, Loss: 1.6560, total_correct: 25.0,total_examples: 68.0,accuracy: 0.3676Train_accuracy: 0.3824
Epoch: 260, Loss: 1.8985, total_correct: 26.0,total_examples: 68.0,accuracy: 0.3824Train_accuracy: 0.3824
Epoch: 270, Loss: 1.7721, total_correct: 27.0,total_examples: 68.0,accuracy: 0.3971Train_accuracy: 0.4007
Epoch: 280, Loss: 1.6334, total_correct: 40.0,total_examples: 68.0,accuracy: 0.5882Train_accuracy: 0.5368
Epoch: 290, Loss: 1.6605, total_correct: 18.0,total_examples: 68.0,accuracy: 0.2647Train_accuracy: 0.3603
Epoch: 300, Loss: 1.5050, total_correct: 42.0,total_examples: 68.0,accuracy: 0.6176Train_accuracy: 0.6140
Epoch: 310, Loss: 2.3848, total_correct: 27.0,total_examples: 68.0,accuracy: 0.3971Train_accuracy: 0.4632
Epoch: 320, Loss: 1.4748, total_correct: 32.0,total_examples: 68.0,accuracy: 0.4706Train_accuracy: 0.4779
Epoch: 330, Loss: 1.5733, total_correct: 44.0,total_examples: 68.0,accuracy: 0.6471Train_accuracy: 0.6066
Epoch: 340, Loss: 1.8985, total_correct: 15.0,total_examples: 68.0,accuracy: 0.2206Train_accuracy: 0.3493
Epoch: 350, Loss: 1.3539, total_correct: 44.0,total_examples: 68.0,accuracy: 0.6471Train_accuracy: 0.6176
Epoch: 360, Loss: 1.2863, total_correct: 45.0,total_examples: 68.0,accuracy: 0.6618Train_accuracy: 0.6140
Epoch: 370, Loss: 1.3250, total_correct: 45.0,total_examples: 68.0,accuracy: 0.6618Train_accuracy: 0.6140
Epoch: 380, Loss: 1.3494, total_correct: 41.0,total_examples: 68.0,accuracy: 0.6029Train_accuracy: 0.6176
Epoch: 390, Loss: 1.2929, total_correct: 40.0,total_examples: 68.0,accuracy: 0.5882Train_accuracy: 0.6507
Epoch: 400, Loss: 1.3454, total_correct: 40.0,total_examples: 68.0,accuracy: 0.5882Train_accuracy: 0.6360
Epoch: 410, Loss: 1.2973, total_correct: 40.0,total_examples: 68.0,accuracy: 0.5882Train_accuracy: 0.6360
Epoch: 420, Loss: 1.2456, total_correct: 41.0,total_examples: 68.0,accuracy: 0.6029Train_accuracy: 0.6581
Epoch: 430, Loss: 1.2556, total_correct: 42.0,total_examples: 68.0,accuracy: 0.6176Train_accuracy: 0.6507
Epoch: 440, Loss: 1.2315, total_correct: 43.0,total_examples: 68.0,accuracy: 0.6324Train_accuracy: 0.6507
Epoch: 450, Loss: 1.1724, total_correct: 42.0,total_examples: 68.0,accuracy: 0.6176Train_accuracy: 0.6581
Epoch: 460, Loss: 1.0461, total_correct: 40.0,total_examples: 68.0,accuracy: 0.5882Train_accuracy: 0.6507
Epoch: 470, Loss: 1.0853, total_correct: 42.0,total_examples: 68.0,accuracy: 0.6176Train_accuracy: 0.6618
Epoch: 480, Loss: 0.9822, total_correct: 41.0,total_examples: 68.0,accuracy: 0.6029Train_accuracy: 0.6654
Epoch: 490, Loss: 0.9897, total_correct: 41.0,total_examples: 68.0,accuracy: 0.6029Train_accuracy: 0.6654
Epoch: 500, Loss: 1.0852, total_correct: 42.0,total_examples: 68.0,accuracy: 0.6176Train_accuracy: 0.6581
Epoch: 510, Loss: 0.9444, total_correct: 41.0,total_examples: 68.0,accuracy: 0.6029Train_accuracy: 0.6618
Epoch: 520, Loss: 1.0331, total_correct: 42.0,total_examples: 68.0,accuracy: 0.6176Train_accuracy: 0.6581
Epoch: 530, Loss: 1.0544, total_correct: 41.0,total_examples: 68.0,accuracy: 0.6029Train_accuracy: 0.6618
Epoch: 540, Loss: 0.9838, total_correct: 42.0,total_examples: 68.0,accuracy: 0.6176Train_accuracy: 0.6691
Epoch: 550, Loss: 0.9520, total_correct: 42.0,total_examples: 68.0,accuracy: 0.6176Train_accuracy: 0.6691
Epoch: 560, Loss: 0.9249, total_correct: 43.0,total_examples: 68.0,accuracy: 0.6324Train_accuracy: 0.6691
Epoch: 570, Loss: 0.9626, total_correct: 42.0,total_examples: 68.0,accuracy: 0.6176Train_accuracy: 0.6691
Epoch: 580, Loss: 0.9320, total_correct: 42.0,total_examples: 68.0,accuracy: 0.6176Train_accuracy: 0.6691
Epoch: 590, Loss: 0.9572, total_correct: 42.0,total_examples: 68.0,accuracy: 0.6176Train_accuracy: 0.6728
Epoch: 600, Loss: 1.0016, total_correct: 42.0,total_examples: 68.0,accuracy: 0.6176Train_accuracy: 0.6728
Epoch: 610, Loss: 0.8939, total_correct: 42.0,total_examples: 68.0,accuracy: 0.6176Train_accuracy: 0.6801
Epoch: 620, Loss: 0.9447, total_correct: 42.0,total_examples: 68.0,accuracy: 0.6176Train_accuracy: 0.6765
Epoch: 630, Loss: 0.8787, total_correct: 42.0,total_examples: 68.0,accuracy: 0.6176Train_accuracy: 0.6838
Epoch: 640, Loss: 0.9048, total_correct: 42.0,total_examples: 68.0,accuracy: 0.6176Train_accuracy: 0.6801
Epoch: 650, Loss: 0.8939, total_correct: 41.0,total_examples: 68.0,accuracy: 0.6029Train_accuracy: 0.6838
Epoch: 660, Loss: 0.8649, total_correct: 42.0,total_examples: 68.0,accuracy: 0.6176Train_accuracy: 0.6838
Epoch: 670, Loss: 0.9142, total_correct: 42.0,total_examples: 68.0,accuracy: 0.6176Train_accuracy: 0.6875
Epoch: 680, Loss: 0.9167, total_correct: 42.0,total_examples: 68.0,accuracy: 0.6176Train_accuracy: 0.6912
Epoch: 690, Loss: 0.9686, total_correct: 42.0,total_examples: 68.0,accuracy: 0.6176Train_accuracy: 0.6949
Epoch: 700, Loss: 0.8973, total_correct: 41.0,total_examples: 68.0,accuracy: 0.6029Train_accuracy: 0.6912
Epoch: 710, Loss: 0.9301, total_correct: 42.0,total_examples: 68.0,accuracy: 0.6176Train_accuracy: 0.6912
Epoch: 720, Loss: 0.8777, total_correct: 43.0,total_examples: 68.0,accuracy: 0.6324Train_accuracy: 0.6949
Epoch: 730, Loss: 0.8985, total_correct: 41.0,total_examples: 68.0,accuracy: 0.6029Train_accuracy: 0.6985
Epoch: 740, Loss: 0.9148, total_correct: 43.0,total_examples: 68.0,accuracy: 0.6324Train_accuracy: 0.6912
Epoch: 750, Loss: 0.8961, total_correct: 42.0,total_examples: 68.0,accuracy: 0.6176Train_accuracy: 0.6949
Epoch: 760, Loss: 0.8918, total_correct: 41.0,total_examples: 68.0,accuracy: 0.6029Train_accuracy: 0.7022
Epoch: 770, Loss: 0.8860, total_correct: 41.0,total_examples: 68.0,accuracy: 0.6029Train_accuracy: 0.6949
Epoch: 780, Loss: 0.8393, total_correct: 41.0,total_examples: 68.0,accuracy: 0.6029Train_accuracy: 0.7022
Epoch: 790, Loss: 0.8938, total_correct: 42.0,total_examples: 68.0,accuracy: 0.6176Train_accuracy: 0.6985
Epoch: 800, Loss: 0.8431, total_correct: 41.0,total_examples: 68.0,accuracy: 0.6029Train_accuracy: 0.7022
Epoch: 810, Loss: 0.8675, total_correct: 42.0,total_examples: 68.0,accuracy: 0.6176Train_accuracy: 0.6985
Epoch: 820, Loss: 0.8408, total_correct: 40.0,total_examples: 68.0,accuracy: 0.5882Train_accuracy: 0.7022
Epoch: 830, Loss: 0.8494, total_correct: 43.0,total_examples: 68.0,accuracy: 0.6324Train_accuracy: 0.7022
Epoch: 840, Loss: 0.8349, total_correct: 41.0,total_examples: 68.0,accuracy: 0.6029Train_accuracy: 0.7059
Epoch: 850, Loss: 0.8316, total_correct: 42.0,total_examples: 68.0,accuracy: 0.6176Train_accuracy: 0.7022
Epoch: 860, Loss: 0.8382, total_correct: 41.0,total_examples: 68.0,accuracy: 0.6029Train_accuracy: 0.6985
Epoch: 870, Loss: 0.8611, total_correct: 40.0,total_examples: 68.0,accuracy: 0.5882Train_accuracy: 0.7059
Epoch: 880, Loss: 0.9304, total_correct: 40.0,total_examples: 68.0,accuracy: 0.5882Train_accuracy: 0.7022
Epoch: 890, Loss: 0.8196, total_correct: 41.0,total_examples: 68.0,accuracy: 0.6029Train_accuracy: 0.7059
Epoch: 900, Loss: 0.8657, total_correct: 41.0,total_examples: 68.0,accuracy: 0.6029Train_accuracy: 0.7059
Epoch: 910, Loss: 0.8255, total_correct: 40.0,total_examples: 68.0,accuracy: 0.5882Train_accuracy: 0.7022
Epoch: 920, Loss: 0.8541, total_correct: 39.0,total_examples: 68.0,accuracy: 0.5735Train_accuracy: 0.7169
Epoch: 930, Loss: 0.8569, total_correct: 41.0,total_examples: 68.0,accuracy: 0.6029Train_accuracy: 0.7022
Epoch: 940, Loss: 0.8399, total_correct: 41.0,total_examples: 68.0,accuracy: 0.6029Train_accuracy: 0.7059
Epoch: 950, Loss: 0.8020, total_correct: 39.0,total_examples: 68.0,accuracy: 0.5735Train_accuracy: 0.7169
Epoch: 960, Loss: 0.7971, total_correct: 40.0,total_examples: 68.0,accuracy: 0.5882Train_accuracy: 0.7132
Epoch: 970, Loss: 0.8478, total_correct: 41.0,total_examples: 68.0,accuracy: 0.6029Train_accuracy: 0.7169
Epoch: 980, Loss: 0.8455, total_correct: 40.0,total_examples: 68.0,accuracy: 0.5882Train_accuracy: 0.7096
Epoch: 990, Loss: 0.8300, total_correct: 40.0,total_examples: 68.0,accuracy: 0.5882Train_accuracy: 0.7132
Epoch: 1000, Loss: 0.7994, total_correct: 40.0,total_examples: 68.0,accuracy: 0.5882Train_accuracy: 0.7206
Epoch: 1010, Loss: 0.8310, total_correct: 41.0,total_examples: 68.0,accuracy: 0.6029Train_accuracy: 0.7169
Epoch: 1020, Loss: 0.8140, total_correct: 38.0,total_examples: 68.0,accuracy: 0.5588Train_accuracy: 0.7132
Epoch: 1030, Loss: 0.7907, total_correct: 40.0,total_examples: 68.0,accuracy: 0.5882Train_accuracy: 0.7206
Epoch: 1040, Loss: 0.8203, total_correct: 39.0,total_examples: 68.0,accuracy: 0.5735Train_accuracy: 0.7279
Epoch: 1050, Loss: 0.7925, total_correct: 39.0,total_examples: 68.0,accuracy: 0.5735Train_accuracy: 0.7169
Epoch: 1060, Loss: 0.7845, total_correct: 40.0,total_examples: 68.0,accuracy: 0.5882Train_accuracy: 0.7243
Epoch: 1070, Loss: 0.8124, total_correct: 39.0,total_examples: 68.0,accuracy: 0.5735Train_accuracy: 0.7206
Epoch: 1080, Loss: 0.7731, total_correct: 39.0,total_examples: 68.0,accuracy: 0.5735Train_accuracy: 0.7243
Epoch: 1090, Loss: 0.8075, total_correct: 40.0,total_examples: 68.0,accuracy: 0.5882Train_accuracy: 0.7316
Epoch: 1100, Loss: 0.8114, total_correct: 40.0,total_examples: 68.0,accuracy: 0.5882Train_accuracy: 0.7206
Epoch: 1110, Loss: 0.7918, total_correct: 39.0,total_examples: 68.0,accuracy: 0.5735Train_accuracy: 0.7206
Epoch: 1120, Loss: 0.8085, total_correct: 40.0,total_examples: 68.0,accuracy: 0.5882Train_accuracy: 0.7206
Epoch: 1130, Loss: 0.8007, total_correct: 39.0,total_examples: 68.0,accuracy: 0.5735Train_accuracy: 0.7243
Epoch: 1140, Loss: 0.8340, total_correct: 39.0,total_examples: 68.0,accuracy: 0.5735Train_accuracy: 0.7206
Epoch: 1150, Loss: 0.7899, total_correct: 40.0,total_examples: 68.0,accuracy: 0.5882Train_accuracy: 0.7279
Epoch: 1160, Loss: 0.7892, total_correct: 40.0,total_examples: 68.0,accuracy: 0.5882Train_accuracy: 0.7279
Epoch: 1170, Loss: 0.8137, total_correct: 40.0,total_examples: 68.0,accuracy: 0.5882Train_accuracy: 0.7206
Epoch: 1180, Loss: 0.7735, total_correct: 39.0,total_examples: 68.0,accuracy: 0.5735Train_accuracy: 0.7279
Epoch: 1190, Loss: 0.7513, total_correct: 40.0,total_examples: 68.0,accuracy: 0.5882Train_accuracy: 0.7316
Epoch: 1200, Loss: 0.7840, total_correct: 40.0,total_examples: 68.0,accuracy: 0.5882Train_accuracy: 0.7279
Epoch: 1210, Loss: 0.7785, total_correct: 39.0,total_examples: 68.0,accuracy: 0.5735Train_accuracy: 0.7206
Epoch: 1220, Loss: 0.8320, total_correct: 41.0,total_examples: 68.0,accuracy: 0.6029Train_accuracy: 0.7169
Epoch: 1230, Loss: 0.7721, total_correct: 39.0,total_examples: 68.0,accuracy: 0.5735Train_accuracy: 0.7243
Epoch: 1240, Loss: 0.8049, total_correct: 38.0,total_examples: 68.0,accuracy: 0.5588Train_accuracy: 0.7243
Epoch: 1250, Loss: 0.7630, total_correct: 40.0,total_examples: 68.0,accuracy: 0.5882Train_accuracy: 0.7243
Epoch: 1260, Loss: 0.7620, total_correct: 40.0,total_examples: 68.0,accuracy: 0.5882Train_accuracy: 0.7243
Epoch: 1270, Loss: 0.7414, total_correct: 38.0,total_examples: 68.0,accuracy: 0.5588Train_accuracy: 0.7279
Epoch: 1280, Loss: 0.7637, total_correct: 39.0,total_examples: 68.0,accuracy: 0.5735Train_accuracy: 0.7279
Epoch: 1290, Loss: 0.7668, total_correct: 40.0,total_examples: 68.0,accuracy: 0.5882Train_accuracy: 0.7316
Epoch: 1300, Loss: 0.7510, total_correct: 38.0,total_examples: 68.0,accuracy: 0.5588Train_accuracy: 0.7279
Epoch: 1310, Loss: 0.7763, total_correct: 40.0,total_examples: 68.0,accuracy: 0.5882Train_accuracy: 0.7243
Epoch: 1320, Loss: 0.7721, total_correct: 39.0,total_examples: 68.0,accuracy: 0.5735Train_accuracy: 0.7243
Epoch: 1330, Loss: 0.7214, total_correct: 40.0,total_examples: 68.0,accuracy: 0.5882Train_accuracy: 0.7426
Epoch: 1340, Loss: 0.8450, total_correct: 39.0,total_examples: 68.0,accuracy: 0.5735Train_accuracy: 0.7243
Epoch: 1350, Loss: 0.7943, total_correct: 39.0,total_examples: 68.0,accuracy: 0.5735Train_accuracy: 0.7243
Epoch: 1360, Loss: 0.7477, total_correct: 39.0,total_examples: 68.0,accuracy: 0.5735Train_accuracy: 0.7206
Epoch: 1370, Loss: 0.7821, total_correct: 39.0,total_examples: 68.0,accuracy: 0.5735Train_accuracy: 0.7316
Epoch: 1380, Loss: 0.7633, total_correct: 39.0,total_examples: 68.0,accuracy: 0.5735Train_accuracy: 0.7390
Epoch: 1390, Loss: 0.7871, total_correct: 38.0,total_examples: 68.0,accuracy: 0.5588Train_accuracy: 0.7316
Epoch: 1400, Loss: 0.7786, total_correct: 41.0,total_examples: 68.0,accuracy: 0.6029Train_accuracy: 0.7353
Epoch: 1410, Loss: 0.7605, total_correct: 39.0,total_examples: 68.0,accuracy: 0.5735Train_accuracy: 0.7390
Epoch: 1420, Loss: 0.7689, total_correct: 38.0,total_examples: 68.0,accuracy: 0.5588Train_accuracy: 0.7316
Epoch: 1430, Loss: 0.7845, total_correct: 40.0,total_examples: 68.0,accuracy: 0.5882Train_accuracy: 0.7353
Epoch: 1440, Loss: 0.7520, total_correct: 37.0,total_examples: 68.0,accuracy: 0.5441Train_accuracy: 0.7426
Epoch: 1450, Loss: 0.7887, total_correct: 41.0,total_examples: 68.0,accuracy: 0.6029Train_accuracy: 0.7353
Epoch: 1460, Loss: 0.8370, total_correct: 42.0,total_examples: 68.0,accuracy: 0.6176Train_accuracy: 0.7206
Epoch: 1470, Loss: 0.7624, total_correct: 39.0,total_examples: 68.0,accuracy: 0.5735Train_accuracy: 0.7390
Epoch: 1480, Loss: 0.7602, total_correct: 39.0,total_examples: 68.0,accuracy: 0.5735Train_accuracy: 0.7463
Epoch: 1490, Loss: 0.7371, total_correct: 38.0,total_examples: 68.0,accuracy: 0.5588Train_accuracy: 0.7316
Epoch: 1500, Loss: 0.6955, total_correct: 37.0,total_examples: 68.0,accuracy: 0.5441Train_accuracy: 0.7390
Epoch: 1510, Loss: 0.7595, total_correct: 37.0,total_examples: 68.0,accuracy: 0.5441Train_accuracy: 0.7463
Epoch: 1520, Loss: 0.7454, total_correct: 38.0,total_examples: 68.0,accuracy: 0.5588Train_accuracy: 0.7353
Epoch: 1530, Loss: 0.7333, total_correct: 39.0,total_examples: 68.0,accuracy: 0.5735Train_accuracy: 0.7463
Epoch: 1540, Loss: 0.7368, total_correct: 37.0,total_examples: 68.0,accuracy: 0.5441Train_accuracy: 0.7463
Epoch: 1550, Loss: 0.7760, total_correct: 37.0,total_examples: 68.0,accuracy: 0.5441Train_accuracy: 0.7353
Epoch: 1560, Loss: 0.7581, total_correct: 38.0,total_examples: 68.0,accuracy: 0.5588Train_accuracy: 0.7463
Epoch: 1570, Loss: 0.7807, total_correct: 40.0,total_examples: 68.0,accuracy: 0.5882Train_accuracy: 0.7206
Epoch: 1580, Loss: 0.7737, total_correct: 39.0,total_examples: 68.0,accuracy: 0.5735Train_accuracy: 0.7426
Epoch: 1590, Loss: 0.7277, total_correct: 39.0,total_examples: 68.0,accuracy: 0.5735Train_accuracy: 0.7426
Epoch: 1600, Loss: 0.7194, total_correct: 39.0,total_examples: 68.0,accuracy: 0.5735Train_accuracy: 0.7463
Epoch: 1610, Loss: 0.7477, total_correct: 39.0,total_examples: 68.0,accuracy: 0.5735Train_accuracy: 0.7390
Epoch: 1620, Loss: 0.7345, total_correct: 38.0,total_examples: 68.0,accuracy: 0.5588Train_accuracy: 0.7353
Epoch: 1630, Loss: 0.7223, total_correct: 38.0,total_examples: 68.0,accuracy: 0.5588Train_accuracy: 0.7426
Epoch: 1640, Loss: 0.7447, total_correct: 40.0,total_examples: 68.0,accuracy: 0.5882Train_accuracy: 0.7537
Epoch: 1650, Loss: 0.7891, total_correct: 38.0,total_examples: 68.0,accuracy: 0.5588Train_accuracy: 0.7426
Epoch: 1660, Loss: 0.7170, total_correct: 38.0,total_examples: 68.0,accuracy: 0.5588Train_accuracy: 0.7500
Epoch: 1670, Loss: 0.7327, total_correct: 38.0,total_examples: 68.0,accuracy: 0.5588Train_accuracy: 0.7537
Epoch: 1680, Loss: 0.7370, total_correct: 39.0,total_examples: 68.0,accuracy: 0.5735Train_accuracy: 0.7537
Epoch: 1690, Loss: 0.7642, total_correct: 39.0,total_examples: 68.0,accuracy: 0.5735Train_accuracy: 0.7426
Epoch: 1700, Loss: 0.7063, total_correct: 38.0,total_examples: 68.0,accuracy: 0.5588Train_accuracy: 0.7610
Epoch: 1710, Loss: 0.7085, total_correct: 38.0,total_examples: 68.0,accuracy: 0.5588Train_accuracy: 0.7574
Epoch: 1720, Loss: 0.8232, total_correct: 40.0,total_examples: 68.0,accuracy: 0.5882Train_accuracy: 0.7390
Epoch: 1730, Loss: 0.7182, total_correct: 38.0,total_examples: 68.0,accuracy: 0.5588Train_accuracy: 0.7647
Epoch: 1740, Loss: 0.7435, total_correct: 38.0,total_examples: 68.0,accuracy: 0.5588Train_accuracy: 0.7574
Epoch: 1750, Loss: 0.6987, total_correct: 38.0,total_examples: 68.0,accuracy: 0.5588Train_accuracy: 0.7426
Epoch: 1760, Loss: 0.7104, total_correct: 37.0,total_examples: 68.0,accuracy: 0.5441Train_accuracy: 0.7537
Epoch: 1770, Loss: 0.7007, total_correct: 38.0,total_examples: 68.0,accuracy: 0.5588Train_accuracy: 0.7574
Epoch: 1780, Loss: 0.7112, total_correct: 38.0,total_examples: 68.0,accuracy: 0.5588Train_accuracy: 0.7574
Epoch: 1790, Loss: 0.7375, total_correct: 37.0,total_examples: 68.0,accuracy: 0.5441Train_accuracy: 0.7463
Epoch: 1800, Loss: 0.7454, total_correct: 37.0,total_examples: 68.0,accuracy: 0.5441Train_accuracy: 0.7537
Epoch: 1810, Loss: 0.6783, total_correct: 38.0,total_examples: 68.0,accuracy: 0.5588Train_accuracy: 0.7574
Epoch: 1820, Loss: 0.7126, total_correct: 37.0,total_examples: 68.0,accuracy: 0.5441Train_accuracy: 0.7574
Epoch: 1830, Loss: 0.7354, total_correct: 38.0,total_examples: 68.0,accuracy: 0.5588Train_accuracy: 0.7610
Epoch: 1840, Loss: 0.7027, total_correct: 37.0,total_examples: 68.0,accuracy: 0.5441Train_accuracy: 0.7647
Epoch: 1850, Loss: 0.7419, total_correct: 37.0,total_examples: 68.0,accuracy: 0.5441Train_accuracy: 0.7463
Epoch: 1860, Loss: 0.8259, total_correct: 38.0,total_examples: 68.0,accuracy: 0.5588Train_accuracy: 0.7426
Epoch: 1870, Loss: 0.7428, total_correct: 38.0,total_examples: 68.0,accuracy: 0.5588Train_accuracy: 0.7537
Epoch: 1880, Loss: 0.7170, total_correct: 39.0,total_examples: 68.0,accuracy: 0.5735Train_accuracy: 0.7610
Epoch: 1890, Loss: 0.7104, total_correct: 37.0,total_examples: 68.0,accuracy: 0.5441Train_accuracy: 0.7647
Epoch: 1900, Loss: 0.7293, total_correct: 37.0,total_examples: 68.0,accuracy: 0.5441Train_accuracy: 0.7463
Epoch: 1910, Loss: 0.6910, total_correct: 37.0,total_examples: 68.0,accuracy: 0.5441Train_accuracy: 0.7500
Epoch: 1920, Loss: 0.7359, total_correct: 37.0,total_examples: 68.0,accuracy: 0.5441Train_accuracy: 0.7463
Epoch: 1930, Loss: 0.7223, total_correct: 37.0,total_examples: 68.0,accuracy: 0.5441Train_accuracy: 0.7574
Epoch: 1940, Loss: 0.7068, total_correct: 38.0,total_examples: 68.0,accuracy: 0.5588Train_accuracy: 0.7537
Epoch: 1950, Loss: 0.6711, total_correct: 37.0,total_examples: 68.0,accuracy: 0.5441Train_accuracy: 0.7537
Epoch: 1960, Loss: 0.7286, total_correct: 40.0,total_examples: 68.0,accuracy: 0.5882Train_accuracy: 0.7426
Epoch: 1970, Loss: 0.6968, total_correct: 38.0,total_examples: 68.0,accuracy: 0.5588Train_accuracy: 0.7426
Epoch: 1980, Loss: 0.7208, total_correct: 39.0,total_examples: 68.0,accuracy: 0.5735Train_accuracy: 0.7537
Epoch: 1990, Loss: 0.6685, total_correct: 37.0,total_examples: 68.0,accuracy: 0.5441Train_accuracy: 0.7500
Epoch: 2000, Loss: 0.6853, total_correct: 38.0,total_examples: 68.0,accuracy: 0.5588Train_accuracy: 0.7500
Epoch: 2010, Loss: 0.7017, total_correct: 37.0,total_examples: 68.0,accuracy: 0.5441Train_accuracy: 0.7684
Epoch: 2020, Loss: 0.7427, total_correct: 40.0,total_examples: 68.0,accuracy: 0.5882Train_accuracy: 0.7537
Epoch: 2030, Loss: 0.6823, total_correct: 38.0,total_examples: 68.0,accuracy: 0.5588Train_accuracy: 0.7647
Epoch: 2040, Loss: 0.7037, total_correct: 39.0,total_examples: 68.0,accuracy: 0.5735Train_accuracy: 0.7610
Epoch: 2050, Loss: 0.6984, total_correct: 38.0,total_examples: 68.0,accuracy: 0.5588Train_accuracy: 0.7684
Epoch: 2060, Loss: 0.7232, total_correct: 38.0,total_examples: 68.0,accuracy: 0.5588Train_accuracy: 0.7868
Epoch: 2070, Loss: 0.7016, total_correct: 38.0,total_examples: 68.0,accuracy: 0.5588Train_accuracy: 0.7684
Epoch: 2080, Loss: 0.6981, total_correct: 38.0,total_examples: 68.0,accuracy: 0.5588Train_accuracy: 0.7721
Epoch: 2090, Loss: 0.7193, total_correct: 38.0,total_examples: 68.0,accuracy: 0.5588Train_accuracy: 0.7757
Epoch: 2100, Loss: 0.6632, total_correct: 39.0,total_examples: 68.0,accuracy: 0.5735Train_accuracy: 0.7610
Epoch: 2110, Loss: 0.7054, total_correct: 38.0,total_examples: 68.0,accuracy: 0.5588Train_accuracy: 0.7647
Epoch: 2120, Loss: 0.6742, total_correct: 39.0,total_examples: 68.0,accuracy: 0.5735Train_accuracy: 0.7721
Epoch: 2130, Loss: 0.6859, total_correct: 38.0,total_examples: 68.0,accuracy: 0.5588Train_accuracy: 0.7757
Epoch: 2140, Loss: 0.6961, total_correct: 38.0,total_examples: 68.0,accuracy: 0.5588Train_accuracy: 0.7610
Epoch: 2150, Loss: 0.7019, total_correct: 39.0,total_examples: 68.0,accuracy: 0.5735Train_accuracy: 0.7721
Epoch: 2160, Loss: 0.6699, total_correct: 39.0,total_examples: 68.0,accuracy: 0.5735Train_accuracy: 0.7794
Epoch: 2170, Loss: 0.6837, total_correct: 38.0,total_examples: 68.0,accuracy: 0.5588Train_accuracy: 0.7721
Epoch: 2180, Loss: 0.6915, total_correct: 38.0,total_examples: 68.0,accuracy: 0.5588Train_accuracy: 0.7610
Epoch: 2190, Loss: 0.7235, total_correct: 38.0,total_examples: 68.0,accuracy: 0.5588Train_accuracy: 0.7721
Epoch: 2200, Loss: 0.6609, total_correct: 39.0,total_examples: 68.0,accuracy: 0.5735Train_accuracy: 0.7794
Epoch: 2210, Loss: 0.7443, total_correct: 36.0,total_examples: 68.0,accuracy: 0.5294Train_accuracy: 0.7794
Epoch: 2220, Loss: 0.7174, total_correct: 39.0,total_examples: 68.0,accuracy: 0.5735Train_accuracy: 0.7721
Epoch: 2230, Loss: 0.6549, total_correct: 38.0,total_examples: 68.0,accuracy: 0.5588Train_accuracy: 0.7721
Epoch: 2240, Loss: 0.6588, total_correct: 38.0,total_examples: 68.0,accuracy: 0.5588Train_accuracy: 0.7794
Epoch: 2250, Loss: 0.6768, total_correct: 39.0,total_examples: 68.0,accuracy: 0.5735Train_accuracy: 0.7904
Epoch: 2260, Loss: 0.6610, total_correct: 39.0,total_examples: 68.0,accuracy: 0.5735Train_accuracy: 0.7831
Epoch: 2270, Loss: 0.6681, total_correct: 38.0,total_examples: 68.0,accuracy: 0.5588Train_accuracy: 0.7647
Epoch: 2280, Loss: 0.6548, total_correct: 38.0,total_examples: 68.0,accuracy: 0.5588Train_accuracy: 0.7757
Epoch: 2290, Loss: 0.6707, total_correct: 39.0,total_examples: 68.0,accuracy: 0.5735Train_accuracy: 0.7757
Epoch: 2300, Loss: 0.6953, total_correct: 39.0,total_examples: 68.0,accuracy: 0.5735Train_accuracy: 0.7647
Epoch: 2310, Loss: 0.6495, total_correct: 38.0,total_examples: 68.0,accuracy: 0.5588Train_accuracy: 0.7721
Epoch: 2320, Loss: 0.6933, total_correct: 37.0,total_examples: 68.0,accuracy: 0.5441Train_accuracy: 0.7647
Epoch: 2330, Loss: 0.6216, total_correct: 39.0,total_examples: 68.0,accuracy: 0.5735Train_accuracy: 0.7794
Epoch: 2340, Loss: 0.6946, total_correct: 38.0,total_examples: 68.0,accuracy: 0.5588Train_accuracy: 0.7757
Epoch: 2350, Loss: 0.6700, total_correct: 39.0,total_examples: 68.0,accuracy: 0.5735Train_accuracy: 0.7794
Epoch: 2360, Loss: 0.6766, total_correct: 39.0,total_examples: 68.0,accuracy: 0.5735Train_accuracy: 0.7831
Epoch: 2370, Loss: 0.6819, total_correct: 40.0,total_examples: 68.0,accuracy: 0.5882Train_accuracy: 0.7721
Epoch: 2380, Loss: 0.7308, total_correct: 39.0,total_examples: 68.0,accuracy: 0.5735Train_accuracy: 0.7868
Epoch: 2390, Loss: 0.7261, total_correct: 38.0,total_examples: 68.0,accuracy: 0.5588Train_accuracy: 0.7684
Epoch: 2400, Loss: 0.6766, total_correct: 40.0,total_examples: 68.0,accuracy: 0.5882Train_accuracy: 0.7757
Epoch: 2410, Loss: 0.6351, total_correct: 39.0,total_examples: 68.0,accuracy: 0.5735Train_accuracy: 0.7831
Epoch: 2420, Loss: 0.6280, total_correct: 39.0,total_examples: 68.0,accuracy: 0.5735Train_accuracy: 0.7794
Epoch: 2430, Loss: 0.6554, total_correct: 40.0,total_examples: 68.0,accuracy: 0.5882Train_accuracy: 0.7868
Epoch: 2440, Loss: 0.6356, total_correct: 40.0,total_examples: 68.0,accuracy: 0.5882Train_accuracy: 0.7868
Epoch: 2450, Loss: 0.7661, total_correct: 39.0,total_examples: 68.0,accuracy: 0.5735Train_accuracy: 0.7721
Epoch: 2460, Loss: 0.6642, total_correct: 39.0,total_examples: 68.0,accuracy: 0.5735Train_accuracy: 0.7831
Epoch: 2470, Loss: 0.6873, total_correct: 37.0,total_examples: 68.0,accuracy: 0.5441Train_accuracy: 0.7757
Epoch: 2480, Loss: 0.6790, total_correct: 40.0,total_examples: 68.0,accuracy: 0.5882Train_accuracy: 0.7757
Epoch: 2490, Loss: 0.6613, total_correct: 38.0,total_examples: 68.0,accuracy: 0.5588Train_accuracy: 0.7721
Epoch: 2500, Loss: 0.6655, total_correct: 39.0,total_examples: 68.0,accuracy: 0.5735Train_accuracy: 0.7868
Epoch: 2510, Loss: 0.6565, total_correct: 39.0,total_examples: 68.0,accuracy: 0.5735Train_accuracy: 0.7794
Epoch: 2520, Loss: 0.6447, total_correct: 39.0,total_examples: 68.0,accuracy: 0.5735Train_accuracy: 0.7868
Epoch: 2530, Loss: 0.6617, total_correct: 39.0,total_examples: 68.0,accuracy: 0.5735Train_accuracy: 0.7831
Epoch: 2540, Loss: 0.7250, total_correct: 40.0,total_examples: 68.0,accuracy: 0.5882Train_accuracy: 0.7684
Epoch: 2550, Loss: 0.6487, total_correct: 39.0,total_examples: 68.0,accuracy: 0.5735Train_accuracy: 0.7684
Epoch: 2560, Loss: 0.7304, total_correct: 38.0,total_examples: 68.0,accuracy: 0.5588Train_accuracy: 0.7757
Epoch: 2570, Loss: 0.6297, total_correct: 39.0,total_examples: 68.0,accuracy: 0.5735Train_accuracy: 0.7831
Epoch: 2580, Loss: 0.6324, total_correct: 40.0,total_examples: 68.0,accuracy: 0.5882Train_accuracy: 0.7904
Epoch: 2590, Loss: 0.6709, total_correct: 39.0,total_examples: 68.0,accuracy: 0.5735Train_accuracy: 0.7794
Epoch: 2600, Loss: 0.6344, total_correct: 38.0,total_examples: 68.0,accuracy: 0.5588Train_accuracy: 0.7868
Epoch: 2610, Loss: 0.6979, total_correct: 40.0,total_examples: 68.0,accuracy: 0.5882Train_accuracy: 0.7831
Epoch: 2620, Loss: 0.6568, total_correct: 38.0,total_examples: 68.0,accuracy: 0.5588Train_accuracy: 0.7868
Epoch: 2630, Loss: 0.6317, total_correct: 39.0,total_examples: 68.0,accuracy: 0.5735Train_accuracy: 0.7868
Epoch: 2640, Loss: 0.6874, total_correct: 39.0,total_examples: 68.0,accuracy: 0.5735Train_accuracy: 0.7868
Epoch: 2650, Loss: 0.6579, total_correct: 38.0,total_examples: 68.0,accuracy: 0.5588Train_accuracy: 0.7757
Epoch: 2660, Loss: 0.6895, total_correct: 37.0,total_examples: 68.0,accuracy: 0.5441Train_accuracy: 0.7831
Epoch: 2670, Loss: 0.6541, total_correct: 39.0,total_examples: 68.0,accuracy: 0.5735Train_accuracy: 0.7831
Epoch: 2680, Loss: 0.6307, total_correct: 37.0,total_examples: 68.0,accuracy: 0.5441Train_accuracy: 0.7941
Epoch: 2690, Loss: 0.7432, total_correct: 39.0,total_examples: 68.0,accuracy: 0.5735Train_accuracy: 0.7868
Epoch: 2700, Loss: 0.6705, total_correct: 39.0,total_examples: 68.0,accuracy: 0.5735Train_accuracy: 0.7831
Epoch: 2710, Loss: 0.7006, total_correct: 39.0,total_examples: 68.0,accuracy: 0.5735Train_accuracy: 0.7721
Epoch: 2720, Loss: 0.6845, total_correct: 38.0,total_examples: 68.0,accuracy: 0.5588Train_accuracy: 0.7904
Epoch: 2730, Loss: 0.6560, total_correct: 38.0,total_examples: 68.0,accuracy: 0.5588Train_accuracy: 0.7868
Epoch: 2740, Loss: 0.6428, total_correct: 38.0,total_examples: 68.0,accuracy: 0.5588Train_accuracy: 0.7868
Epoch: 2750, Loss: 0.6248, total_correct: 37.0,total_examples: 68.0,accuracy: 0.5441Train_accuracy: 0.7868
Epoch: 2760, Loss: 0.7768, total_correct: 38.0,total_examples: 68.0,accuracy: 0.5588Train_accuracy: 0.7868
Epoch: 2770, Loss: 0.6765, total_correct: 37.0,total_examples: 68.0,accuracy: 0.5441Train_accuracy: 0.7904
Epoch: 2780, Loss: 0.6797, total_correct: 37.0,total_examples: 68.0,accuracy: 0.5441Train_accuracy: 0.7904
Epoch: 2790, Loss: 0.6701, total_correct: 37.0,total_examples: 68.0,accuracy: 0.5441Train_accuracy: 0.7721
Epoch: 2800, Loss: 0.6647, total_correct: 38.0,total_examples: 68.0,accuracy: 0.5588Train_accuracy: 0.7831
Epoch: 2810, Loss: 0.6814, total_correct: 39.0,total_examples: 68.0,accuracy: 0.5735Train_accuracy: 0.7868
Epoch: 2820, Loss: 0.6716, total_correct: 38.0,total_examples: 68.0,accuracy: 0.5588Train_accuracy: 0.7978
Epoch: 2830, Loss: 0.6651, total_correct: 37.0,total_examples: 68.0,accuracy: 0.5441Train_accuracy: 0.7757
Epoch: 2840, Loss: 0.6644, total_correct: 38.0,total_examples: 68.0,accuracy: 0.5588Train_accuracy: 0.7941
Epoch: 2850, Loss: 0.6917, total_correct: 39.0,total_examples: 68.0,accuracy: 0.5735Train_accuracy: 0.7941
Epoch: 2860, Loss: 0.6689, total_correct: 38.0,total_examples: 68.0,accuracy: 0.5588Train_accuracy: 0.7831
Epoch: 2870, Loss: 0.6432, total_correct: 39.0,total_examples: 68.0,accuracy: 0.5735Train_accuracy: 0.7941
Epoch: 2880, Loss: 0.6336, total_correct: 37.0,total_examples: 68.0,accuracy: 0.5441Train_accuracy: 0.7941
Epoch: 2890, Loss: 0.6399, total_correct: 38.0,total_examples: 68.0,accuracy: 0.5588Train_accuracy: 0.7904
Epoch: 2900, Loss: 0.6082, total_correct: 38.0,total_examples: 68.0,accuracy: 0.5588Train_accuracy: 0.7868
Epoch: 2910, Loss: 0.6279, total_correct: 39.0,total_examples: 68.0,accuracy: 0.5735Train_accuracy: 0.7941
Epoch: 2920, Loss: 0.6327, total_correct: 38.0,total_examples: 68.0,accuracy: 0.5588Train_accuracy: 0.7868
Epoch: 2930, Loss: 0.6551, total_correct: 39.0,total_examples: 68.0,accuracy: 0.5735Train_accuracy: 0.7978
Epoch: 2940, Loss: 0.7118, total_correct: 37.0,total_examples: 68.0,accuracy: 0.5441Train_accuracy: 0.7868
Epoch: 2950, Loss: 0.6949, total_correct: 39.0,total_examples: 68.0,accuracy: 0.5735Train_accuracy: 0.7868
Epoch: 2960, Loss: 0.6622, total_correct: 38.0,total_examples: 68.0,accuracy: 0.5588Train_accuracy: 0.7978
Epoch: 2970, Loss: 0.6221, total_correct: 39.0,total_examples: 68.0,accuracy: 0.5735Train_accuracy: 0.7941
Epoch: 2980, Loss: 0.6048, total_correct: 37.0,total_examples: 68.0,accuracy: 0.5441Train_accuracy: 0.7831
Epoch: 2990, Loss: 0.6156, total_correct: 39.0,total_examples: 68.0,accuracy: 0.5735Train_accuracy: 0.7904
Epoch: 3000, Loss: 0.6338, total_correct: 40.0,total_examples: 68.0,accuracy: 0.5882Train_accuracy: 0.7941
Epoch: 3010, Loss: 0.7806, total_correct: 38.0,total_examples: 68.0,accuracy: 0.5588Train_accuracy: 0.7794
Epoch: 3020, Loss: 0.6222, total_correct: 38.0,total_examples: 68.0,accuracy: 0.5588Train_accuracy: 0.7941
Epoch: 3030, Loss: 0.5968, total_correct: 39.0,total_examples: 68.0,accuracy: 0.5735Train_accuracy: 0.7978
Epoch: 3040, Loss: 0.6645, total_correct: 39.0,total_examples: 68.0,accuracy: 0.5735Train_accuracy: 0.7941
Epoch: 3050, Loss: 0.6421, total_correct: 39.0,total_examples: 68.0,accuracy: 0.5735Train_accuracy: 0.8051
Epoch: 3060, Loss: 0.6889, total_correct: 38.0,total_examples: 68.0,accuracy: 0.5588Train_accuracy: 0.7868
Epoch: 3070, Loss: 0.6524, total_correct: 37.0,total_examples: 68.0,accuracy: 0.5441Train_accuracy: 0.7978
Epoch: 3080, Loss: 0.6392, total_correct: 38.0,total_examples: 68.0,accuracy: 0.5588Train_accuracy: 0.8015
Epoch: 3090, Loss: 0.6464, total_correct: 38.0,total_examples: 68.0,accuracy: 0.5588Train_accuracy: 0.7868
Epoch: 3100, Loss: 0.7193, total_correct: 37.0,total_examples: 68.0,accuracy: 0.5441Train_accuracy: 0.7831
Epoch: 3110, Loss: 0.6913, total_correct: 37.0,total_examples: 68.0,accuracy: 0.5441Train_accuracy: 0.7978
Epoch: 3120, Loss: 0.6388, total_correct: 39.0,total_examples: 68.0,accuracy: 0.5735Train_accuracy: 0.7904
Epoch: 3130, Loss: 0.6639, total_correct: 37.0,total_examples: 68.0,accuracy: 0.5441Train_accuracy: 0.7794
Epoch: 3140, Loss: 0.6417, total_correct: 40.0,total_examples: 68.0,accuracy: 0.5882Train_accuracy: 0.7978
Epoch: 3150, Loss: 0.6555, total_correct: 39.0,total_examples: 68.0,accuracy: 0.5735Train_accuracy: 0.7941
Epoch: 3160, Loss: 0.6804, total_correct: 40.0,total_examples: 68.0,accuracy: 0.5882Train_accuracy: 0.7941
Epoch: 3170, Loss: 0.6383, total_correct: 40.0,total_examples: 68.0,accuracy: 0.5882Train_accuracy: 0.8015
Epoch: 3180, Loss: 0.6465, total_correct: 39.0,total_examples: 68.0,accuracy: 0.5735Train_accuracy: 0.8015
Epoch: 3190, Loss: 0.6277, total_correct: 40.0,total_examples: 68.0,accuracy: 0.5882Train_accuracy: 0.7978
Epoch: 3200, Loss: 0.5997, total_correct: 38.0,total_examples: 68.0,accuracy: 0.5588Train_accuracy: 0.8015
Epoch: 3210, Loss: 0.6401, total_correct: 39.0,total_examples: 68.0,accuracy: 0.5735Train_accuracy: 0.8015
Epoch: 3220, Loss: 0.6071, total_correct: 40.0,total_examples: 68.0,accuracy: 0.5882Train_accuracy: 0.7868
Epoch: 3230, Loss: 0.6022, total_correct: 37.0,total_examples: 68.0,accuracy: 0.5441Train_accuracy: 0.7941
Epoch: 3240, Loss: 0.6433, total_correct: 38.0,total_examples: 68.0,accuracy: 0.5588Train_accuracy: 0.7941
Epoch: 3250, Loss: 0.5916, total_correct: 40.0,total_examples: 68.0,accuracy: 0.5882Train_accuracy: 0.8015
Epoch: 3260, Loss: 0.6616, total_correct: 39.0,total_examples: 68.0,accuracy: 0.5735Train_accuracy: 0.7941
Epoch: 3270, Loss: 0.6036, total_correct: 38.0,total_examples: 68.0,accuracy: 0.5588Train_accuracy: 0.7868
Epoch: 3280, Loss: 0.7162, total_correct: 38.0,total_examples: 68.0,accuracy: 0.5588Train_accuracy: 0.7831
Epoch: 3290, Loss: 0.6393, total_correct: 37.0,total_examples: 68.0,accuracy: 0.5441Train_accuracy: 0.7721
Epoch: 3300, Loss: 0.5803, total_correct: 40.0,total_examples: 68.0,accuracy: 0.5882Train_accuracy: 0.8015
Epoch: 3310, Loss: 0.6079, total_correct: 39.0,total_examples: 68.0,accuracy: 0.5735Train_accuracy: 0.7904
Epoch: 3320, Loss: 0.6335, total_correct: 39.0,total_examples: 68.0,accuracy: 0.5735Train_accuracy: 0.8015
Epoch: 3330, Loss: 0.6553, total_correct: 38.0,total_examples: 68.0,accuracy: 0.5588Train_accuracy: 0.8015
Epoch: 3340, Loss: 0.6100, total_correct: 38.0,total_examples: 68.0,accuracy: 0.5588Train_accuracy: 0.7904
Epoch: 3350, Loss: 0.6597, total_correct: 39.0,total_examples: 68.0,accuracy: 0.5735Train_accuracy: 0.8015
Epoch: 3360, Loss: 0.6264, total_correct: 39.0,total_examples: 68.0,accuracy: 0.5735Train_accuracy: 0.7978
Epoch: 3370, Loss: 0.6234, total_correct: 39.0,total_examples: 68.0,accuracy: 0.5735Train_accuracy: 0.7978
Epoch: 3380, Loss: 0.6292, total_correct: 38.0,total_examples: 68.0,accuracy: 0.5588Train_accuracy: 0.8051
Epoch: 3390, Loss: 0.6537, total_correct: 37.0,total_examples: 68.0,accuracy: 0.5441Train_accuracy: 0.8051
Epoch: 3400, Loss: 0.6860, total_correct: 37.0,total_examples: 68.0,accuracy: 0.5441Train_accuracy: 0.7978
Epoch: 3410, Loss: 0.6706, total_correct: 39.0,total_examples: 68.0,accuracy: 0.5735Train_accuracy: 0.8015
Epoch: 3420, Loss: 0.6832, total_correct: 39.0,total_examples: 68.0,accuracy: 0.5735Train_accuracy: 0.8015
Epoch: 3430, Loss: 0.6020, total_correct: 38.0,total_examples: 68.0,accuracy: 0.5588Train_accuracy: 0.8088
Epoch: 3440, Loss: 0.6515, total_correct: 38.0,total_examples: 68.0,accuracy: 0.5588Train_accuracy: 0.7978
Epoch: 3450, Loss: 0.6170, total_correct: 40.0,total_examples: 68.0,accuracy: 0.5882Train_accuracy: 0.7868
Epoch: 3460, Loss: 0.6312, total_correct: 38.0,total_examples: 68.0,accuracy: 0.5588Train_accuracy: 0.7941
Epoch: 3470, Loss: 0.6489, total_correct: 38.0,total_examples: 68.0,accuracy: 0.5588Train_accuracy: 0.7978
Epoch: 3480, Loss: 0.6035, total_correct: 39.0,total_examples: 68.0,accuracy: 0.5735Train_accuracy: 0.7794
Epoch: 3490, Loss: 0.5964, total_correct: 38.0,total_examples: 68.0,accuracy: 0.5588Train_accuracy: 0.8015
Epoch: 3500, Loss: 0.5928, total_correct: 38.0,total_examples: 68.0,accuracy: 0.5588Train_accuracy: 0.8015
Epoch: 3510, Loss: 0.6581, total_correct: 39.0,total_examples: 68.0,accuracy: 0.5735Train_accuracy: 0.7904
Epoch: 3520, Loss: 0.6236, total_correct: 38.0,total_examples: 68.0,accuracy: 0.5588Train_accuracy: 0.7904
Epoch: 3530, Loss: 0.6055, total_correct: 39.0,total_examples: 68.0,accuracy: 0.5735Train_accuracy: 0.7941
Epoch: 3540, Loss: 0.6468, total_correct: 38.0,total_examples: 68.0,accuracy: 0.5588Train_accuracy: 0.8125
Epoch: 3550, Loss: 0.5966, total_correct: 39.0,total_examples: 68.0,accuracy: 0.5735Train_accuracy: 0.8015
Epoch: 3560, Loss: 0.7747, total_correct: 39.0,total_examples: 68.0,accuracy: 0.5735Train_accuracy: 0.7904
Epoch: 3570, Loss: 0.6670, total_correct: 37.0,total_examples: 68.0,accuracy: 0.5441Train_accuracy: 0.7941
Epoch: 3580, Loss: 0.6612, total_correct: 36.0,total_examples: 68.0,accuracy: 0.5294Train_accuracy: 0.7868
Epoch: 3590, Loss: 0.5886, total_correct: 39.0,total_examples: 68.0,accuracy: 0.5735Train_accuracy: 0.8015
Epoch: 3600, Loss: 0.6075, total_correct: 37.0,total_examples: 68.0,accuracy: 0.5441Train_accuracy: 0.7831
Epoch: 3610, Loss: 0.5878, total_correct: 39.0,total_examples: 68.0,accuracy: 0.5735Train_accuracy: 0.8051
Epoch: 3620, Loss: 0.6271, total_correct: 39.0,total_examples: 68.0,accuracy: 0.5735Train_accuracy: 0.8051
Epoch: 3630, Loss: 0.5779, total_correct: 39.0,total_examples: 68.0,accuracy: 0.5735Train_accuracy: 0.8088
Epoch: 3640, Loss: 0.6549, total_correct: 39.0,total_examples: 68.0,accuracy: 0.5735Train_accuracy: 0.7978
Epoch: 3650, Loss: 0.6394, total_correct: 39.0,total_examples: 68.0,accuracy: 0.5735Train_accuracy: 0.7978
Epoch: 3660, Loss: 0.6351, total_correct: 39.0,total_examples: 68.0,accuracy: 0.5735Train_accuracy: 0.8015
Epoch: 3670, Loss: 0.6481, total_correct: 39.0,total_examples: 68.0,accuracy: 0.5735Train_accuracy: 0.8015
Epoch: 3680, Loss: 0.6306, total_correct: 38.0,total_examples: 68.0,accuracy: 0.5588Train_accuracy: 0.8051
Epoch: 3690, Loss: 0.6332, total_correct: 38.0,total_examples: 68.0,accuracy: 0.5588Train_accuracy: 0.7904
Epoch: 3700, Loss: 0.6158, total_correct: 38.0,total_examples: 68.0,accuracy: 0.5588Train_accuracy: 0.7978
Epoch: 3710, Loss: 0.6180, total_correct: 39.0,total_examples: 68.0,accuracy: 0.5735Train_accuracy: 0.8015
Epoch: 3720, Loss: 0.6029, total_correct: 39.0,total_examples: 68.0,accuracy: 0.5735Train_accuracy: 0.8051
Epoch: 3730, Loss: 0.6221, total_correct: 38.0,total_examples: 68.0,accuracy: 0.5588Train_accuracy: 0.7941
Epoch: 3740, Loss: 0.6242, total_correct: 39.0,total_examples: 68.0,accuracy: 0.5735Train_accuracy: 0.8015
Epoch: 3750, Loss: 0.6320, total_correct: 39.0,total_examples: 68.0,accuracy: 0.5735Train_accuracy: 0.8051
Epoch: 3760, Loss: 0.5617, total_correct: 38.0,total_examples: 68.0,accuracy: 0.5588Train_accuracy: 0.7978
Epoch: 3770, Loss: 0.5941, total_correct: 39.0,total_examples: 68.0,accuracy: 0.5735Train_accuracy: 0.8088
Epoch: 3780, Loss: 0.6166, total_correct: 40.0,total_examples: 68.0,accuracy: 0.5882Train_accuracy: 0.8088
Epoch: 3790, Loss: 0.5763, total_correct: 40.0,total_examples: 68.0,accuracy: 0.5882Train_accuracy: 0.8125
Epoch: 3800, Loss: 0.6225, total_correct: 40.0,total_examples: 68.0,accuracy: 0.5882Train_accuracy: 0.8015
Epoch: 3810, Loss: 0.6011, total_correct: 40.0,total_examples: 68.0,accuracy: 0.5882Train_accuracy: 0.8051
Epoch: 3820, Loss: 0.6437, total_correct: 38.0,total_examples: 68.0,accuracy: 0.5588Train_accuracy: 0.8088
Epoch: 3830, Loss: 0.5803, total_correct: 39.0,total_examples: 68.0,accuracy: 0.5735Train_accuracy: 0.8051
Epoch: 3840, Loss: 0.6559, total_correct: 41.0,total_examples: 68.0,accuracy: 0.6029Train_accuracy: 0.8051
Epoch: 3850, Loss: 0.5728, total_correct: 39.0,total_examples: 68.0,accuracy: 0.5735Train_accuracy: 0.8088
Epoch: 3860, Loss: 0.5927, total_correct: 41.0,total_examples: 68.0,accuracy: 0.6029Train_accuracy: 0.8125
Epoch: 3870, Loss: 0.5765, total_correct: 41.0,total_examples: 68.0,accuracy: 0.6029Train_accuracy: 0.8125
Epoch: 3880, Loss: 0.6046, total_correct: 41.0,total_examples: 68.0,accuracy: 0.6029Train_accuracy: 0.8088
Epoch: 3890, Loss: 0.5579, total_correct: 41.0,total_examples: 68.0,accuracy: 0.6029Train_accuracy: 0.8051
Epoch: 3900, Loss: 0.6430, total_correct: 40.0,total_examples: 68.0,accuracy: 0.5882Train_accuracy: 0.8015
Epoch: 3910, Loss: 0.6619, total_correct: 39.0,total_examples: 68.0,accuracy: 0.5735Train_accuracy: 0.7978
Epoch: 3920, Loss: 0.6058, total_correct: 39.0,total_examples: 68.0,accuracy: 0.5735Train_accuracy: 0.7978
Epoch: 3930, Loss: 0.5772, total_correct: 40.0,total_examples: 68.0,accuracy: 0.5882Train_accuracy: 0.8015
Epoch: 3940, Loss: 0.5812, total_correct: 39.0,total_examples: 68.0,accuracy: 0.5735Train_accuracy: 0.7904
Epoch: 3950, Loss: 0.5886, total_correct: 41.0,total_examples: 68.0,accuracy: 0.6029Train_accuracy: 0.8015
Epoch: 3960, Loss: 0.6153, total_correct: 39.0,total_examples: 68.0,accuracy: 0.5735Train_accuracy: 0.8125
Epoch: 3970, Loss: 0.6238, total_correct: 40.0,total_examples: 68.0,accuracy: 0.5882Train_accuracy: 0.8199
Epoch: 3980, Loss: 0.5879, total_correct: 39.0,total_examples: 68.0,accuracy: 0.5735Train_accuracy: 0.8088
Epoch: 3990, Loss: 0.5930, total_correct: 41.0,total_examples: 68.0,accuracy: 0.6029Train_accuracy: 0.8162
Epoch: 4000, Loss: 0.6230, total_correct: 40.0,total_examples: 68.0,accuracy: 0.5882Train_accuracy: 0.8088
Epoch: 4010, Loss: 0.6117, total_correct: 40.0,total_examples: 68.0,accuracy: 0.5882Train_accuracy: 0.8199
Epoch: 4020, Loss: 0.6154, total_correct: 40.0,total_examples: 68.0,accuracy: 0.5882Train_accuracy: 0.8162
Epoch: 4030, Loss: 0.6516, total_correct: 39.0,total_examples: 68.0,accuracy: 0.5735Train_accuracy: 0.7978
Epoch: 4040, Loss: 0.6078, total_correct: 41.0,total_examples: 68.0,accuracy: 0.6029Train_accuracy: 0.8051
Epoch: 4050, Loss: 0.6302, total_correct: 40.0,total_examples: 68.0,accuracy: 0.5882Train_accuracy: 0.8051
Epoch: 4060, Loss: 0.6407, total_correct: 39.0,total_examples: 68.0,accuracy: 0.5735Train_accuracy: 0.8125
Epoch: 4070, Loss: 0.6566, total_correct: 40.0,total_examples: 68.0,accuracy: 0.5882Train_accuracy: 0.8051
Epoch: 4080, Loss: 0.6118, total_correct: 38.0,total_examples: 68.0,accuracy: 0.5588Train_accuracy: 0.8088
Epoch: 4090, Loss: 0.5687, total_correct: 38.0,total_examples: 68.0,accuracy: 0.5588Train_accuracy: 0.8162
Epoch: 4100, Loss: 0.5961, total_correct: 39.0,total_examples: 68.0,accuracy: 0.5735Train_accuracy: 0.8125
Epoch: 4110, Loss: 0.5869, total_correct: 40.0,total_examples: 68.0,accuracy: 0.5882Train_accuracy: 0.8051
Epoch: 4120, Loss: 0.6248, total_correct: 38.0,total_examples: 68.0,accuracy: 0.5588Train_accuracy: 0.8051
Epoch: 4130, Loss: 0.6083, total_correct: 40.0,total_examples: 68.0,accuracy: 0.5882Train_accuracy: 0.8199
Epoch: 4140, Loss: 0.6103, total_correct: 39.0,total_examples: 68.0,accuracy: 0.5735Train_accuracy: 0.8199
Epoch: 4150, Loss: 0.5956, total_correct: 38.0,total_examples: 68.0,accuracy: 0.5588Train_accuracy: 0.8088
Epoch: 4160, Loss: 0.6057, total_correct: 40.0,total_examples: 68.0,accuracy: 0.5882Train_accuracy: 0.8088
Epoch: 4170, Loss: 0.6323, total_correct: 38.0,total_examples: 68.0,accuracy: 0.5588Train_accuracy: 0.8088
Epoch: 4180, Loss: 0.6430, total_correct: 40.0,total_examples: 68.0,accuracy: 0.5882Train_accuracy: 0.8199
Epoch: 4190, Loss: 0.6272, total_correct: 39.0,total_examples: 68.0,accuracy: 0.5735Train_accuracy: 0.8051
Epoch: 4200, Loss: 0.5968, total_correct: 37.0,total_examples: 68.0,accuracy: 0.5441Train_accuracy: 0.8088
Epoch: 4210, Loss: 0.6420, total_correct: 40.0,total_examples: 68.0,accuracy: 0.5882Train_accuracy: 0.8235
Epoch: 4220, Loss: 0.5887, total_correct: 38.0,total_examples: 68.0,accuracy: 0.5588Train_accuracy: 0.8272
Epoch: 4230, Loss: 0.5745, total_correct: 38.0,total_examples: 68.0,accuracy: 0.5588Train_accuracy: 0.8235
Epoch: 4240, Loss: 0.5600, total_correct: 39.0,total_examples: 68.0,accuracy: 0.5735Train_accuracy: 0.8199
Epoch: 4250, Loss: 0.6032, total_correct: 39.0,total_examples: 68.0,accuracy: 0.5735Train_accuracy: 0.8088
Epoch: 4260, Loss: 0.6408, total_correct: 39.0,total_examples: 68.0,accuracy: 0.5735Train_accuracy: 0.8015
Epoch: 4270, Loss: 0.5944, total_correct: 38.0,total_examples: 68.0,accuracy: 0.5588Train_accuracy: 0.8051
Epoch: 4280, Loss: 0.5917, total_correct: 39.0,total_examples: 68.0,accuracy: 0.5735Train_accuracy: 0.7978
Epoch: 4290, Loss: 0.5689, total_correct: 40.0,total_examples: 68.0,accuracy: 0.5882Train_accuracy: 0.8125
Epoch: 4300, Loss: 0.5953, total_correct: 39.0,total_examples: 68.0,accuracy: 0.5735Train_accuracy: 0.7904
Epoch: 4310, Loss: 0.6197, total_correct: 39.0,total_examples: 68.0,accuracy: 0.5735Train_accuracy: 0.8051
Epoch: 4320, Loss: 0.5837, total_correct: 39.0,total_examples: 68.0,accuracy: 0.5735Train_accuracy: 0.8088
Epoch: 4330, Loss: 0.7622, total_correct: 38.0,total_examples: 68.0,accuracy: 0.5588Train_accuracy: 0.8051
Epoch: 4340, Loss: 0.6342, total_correct: 40.0,total_examples: 68.0,accuracy: 0.5882Train_accuracy: 0.8272
Epoch: 4350, Loss: 0.6031, total_correct: 41.0,total_examples: 68.0,accuracy: 0.6029Train_accuracy: 0.8088
Epoch: 4360, Loss: 0.5485, total_correct: 39.0,total_examples: 68.0,accuracy: 0.5735Train_accuracy: 0.8235
Epoch: 4370, Loss: 0.5891, total_correct: 39.0,total_examples: 68.0,accuracy: 0.5735Train_accuracy: 0.8162
Epoch: 4380, Loss: 0.5573, total_correct: 40.0,total_examples: 68.0,accuracy: 0.5882Train_accuracy: 0.8235
Epoch: 4390, Loss: 0.6018, total_correct: 41.0,total_examples: 68.0,accuracy: 0.6029Train_accuracy: 0.8015
Epoch: 4400, Loss: 0.5989, total_correct: 41.0,total_examples: 68.0,accuracy: 0.6029Train_accuracy: 0.8088
Epoch: 4410, Loss: 0.6102, total_correct: 38.0,total_examples: 68.0,accuracy: 0.5588Train_accuracy: 0.8051
Epoch: 4420, Loss: 0.6355, total_correct: 40.0,total_examples: 68.0,accuracy: 0.5882Train_accuracy: 0.8235
Epoch: 4430, Loss: 0.5680, total_correct: 39.0,total_examples: 68.0,accuracy: 0.5735Train_accuracy: 0.8088
Epoch: 4440, Loss: 0.6536, total_correct: 40.0,total_examples: 68.0,accuracy: 0.5882Train_accuracy: 0.7978
Epoch: 4450, Loss: 0.6460, total_correct: 38.0,total_examples: 68.0,accuracy: 0.5588Train_accuracy: 0.8088
Epoch: 4460, Loss: 0.5809, total_correct: 38.0,total_examples: 68.0,accuracy: 0.5588Train_accuracy: 0.8309
Epoch: 4470, Loss: 0.5877, total_correct: 40.0,total_examples: 68.0,accuracy: 0.5882Train_accuracy: 0.8088
Epoch: 4480, Loss: 0.5862, total_correct: 40.0,total_examples: 68.0,accuracy: 0.5882Train_accuracy: 0.8235
Epoch: 4490, Loss: 0.6264, total_correct: 40.0,total_examples: 68.0,accuracy: 0.5882Train_accuracy: 0.8162
Epoch: 4500, Loss: 0.5888, total_correct: 40.0,total_examples: 68.0,accuracy: 0.5882Train_accuracy: 0.8125
Epoch: 4510, Loss: 0.5874, total_correct: 39.0,total_examples: 68.0,accuracy: 0.5735Train_accuracy: 0.8125
Epoch: 4520, Loss: 0.6424, total_correct: 40.0,total_examples: 68.0,accuracy: 0.5882Train_accuracy: 0.8125
Epoch: 4530, Loss: 0.5830, total_correct: 40.0,total_examples: 68.0,accuracy: 0.5882Train_accuracy: 0.8015
Epoch: 4540, Loss: 0.6508, total_correct: 38.0,total_examples: 68.0,accuracy: 0.5588Train_accuracy: 0.8162
Epoch: 4550, Loss: 0.5787, total_correct: 38.0,total_examples: 68.0,accuracy: 0.5588Train_accuracy: 0.8199
Epoch: 4560, Loss: 0.6168, total_correct: 38.0,total_examples: 68.0,accuracy: 0.5588Train_accuracy: 0.8162
Epoch: 4570, Loss: 0.6102, total_correct: 40.0,total_examples: 68.0,accuracy: 0.5882Train_accuracy: 0.8125
Epoch: 4580, Loss: 0.5969, total_correct: 40.0,total_examples: 68.0,accuracy: 0.5882Train_accuracy: 0.8125
Epoch: 4590, Loss: 0.6001, total_correct: 39.0,total_examples: 68.0,accuracy: 0.5735Train_accuracy: 0.8125
Epoch: 4600, Loss: 0.5910, total_correct: 39.0,total_examples: 68.0,accuracy: 0.5735Train_accuracy: 0.8272
Epoch: 4610, Loss: 0.5995, total_correct: 40.0,total_examples: 68.0,accuracy: 0.5882Train_accuracy: 0.8199
Epoch: 4620, Loss: 0.6147, total_correct: 38.0,total_examples: 68.0,accuracy: 0.5588Train_accuracy: 0.8235
Epoch: 4630, Loss: 0.6778, total_correct: 38.0,total_examples: 68.0,accuracy: 0.5588Train_accuracy: 0.8162
Epoch: 4640, Loss: 0.5870, total_correct: 38.0,total_examples: 68.0,accuracy: 0.5588Train_accuracy: 0.8162
Epoch: 4650, Loss: 0.5867, total_correct: 38.0,total_examples: 68.0,accuracy: 0.5588Train_accuracy: 0.8199
Epoch: 4660, Loss: 0.5941, total_correct: 39.0,total_examples: 68.0,accuracy: 0.5735Train_accuracy: 0.8125
Epoch: 4670, Loss: 0.5719, total_correct: 38.0,total_examples: 68.0,accuracy: 0.5588Train_accuracy: 0.8272
Epoch: 4680, Loss: 0.6570, total_correct: 38.0,total_examples: 68.0,accuracy: 0.5588Train_accuracy: 0.8015
Epoch: 4690, Loss: 0.5606, total_correct: 38.0,total_examples: 68.0,accuracy: 0.5588Train_accuracy: 0.8051
Epoch: 4700, Loss: 0.5890, total_correct: 41.0,total_examples: 68.0,accuracy: 0.6029Train_accuracy: 0.8199
Epoch: 4710, Loss: 0.6388, total_correct: 39.0,total_examples: 68.0,accuracy: 0.5735Train_accuracy: 0.7868
Epoch: 4720, Loss: 0.5935, total_correct: 41.0,total_examples: 68.0,accuracy: 0.6029Train_accuracy: 0.8162
Epoch: 4730, Loss: 0.5676, total_correct: 39.0,total_examples: 68.0,accuracy: 0.5735Train_accuracy: 0.8125
Epoch: 4740, Loss: 0.5801, total_correct: 41.0,total_examples: 68.0,accuracy: 0.6029Train_accuracy: 0.7978
Epoch: 4750, Loss: 0.5791, total_correct: 39.0,total_examples: 68.0,accuracy: 0.5735Train_accuracy: 0.8125
Epoch: 4760, Loss: 0.6201, total_correct: 39.0,total_examples: 68.0,accuracy: 0.5735Train_accuracy: 0.8088
Epoch: 4770, Loss: 0.5403, total_correct: 39.0,total_examples: 68.0,accuracy: 0.5735Train_accuracy: 0.8162
Epoch: 4780, Loss: 0.5642, total_correct: 40.0,total_examples: 68.0,accuracy: 0.5882Train_accuracy: 0.8162
Epoch: 4790, Loss: 0.5545, total_correct: 40.0,total_examples: 68.0,accuracy: 0.5882Train_accuracy: 0.8162
Epoch: 4800, Loss: 0.5531, total_correct: 41.0,total_examples: 68.0,accuracy: 0.6029Train_accuracy: 0.8088
Epoch: 4810, Loss: 0.5980, total_correct: 38.0,total_examples: 68.0,accuracy: 0.5588Train_accuracy: 0.8125
Epoch: 4820, Loss: 0.5523, total_correct: 39.0,total_examples: 68.0,accuracy: 0.5735Train_accuracy: 0.8125
Epoch: 4830, Loss: 0.5711, total_correct: 40.0,total_examples: 68.0,accuracy: 0.5882Train_accuracy: 0.8088
Epoch: 4840, Loss: 0.5829, total_correct: 38.0,total_examples: 68.0,accuracy: 0.5588Train_accuracy: 0.8125
Epoch: 4850, Loss: 0.5615, total_correct: 38.0,total_examples: 68.0,accuracy: 0.5588Train_accuracy: 0.8235
Epoch: 4860, Loss: 0.5858, total_correct: 39.0,total_examples: 68.0,accuracy: 0.5735Train_accuracy: 0.8199
Epoch: 4870, Loss: 0.5726, total_correct: 40.0,total_examples: 68.0,accuracy: 0.5882Train_accuracy: 0.7978
Epoch: 4880, Loss: 0.6244, total_correct: 39.0,total_examples: 68.0,accuracy: 0.5735Train_accuracy: 0.8088
Epoch: 4890, Loss: 0.5794, total_correct: 37.0,total_examples: 68.0,accuracy: 0.5441Train_accuracy: 0.8272
Epoch: 4900, Loss: 0.6041, total_correct: 38.0,total_examples: 68.0,accuracy: 0.5588Train_accuracy: 0.8309
Epoch: 4910, Loss: 0.5711, total_correct: 37.0,total_examples: 68.0,accuracy: 0.5441Train_accuracy: 0.8162
Epoch: 4920, Loss: 0.5845, total_correct: 38.0,total_examples: 68.0,accuracy: 0.5588Train_accuracy: 0.8235
Epoch: 4930, Loss: 0.5798, total_correct: 38.0,total_examples: 68.0,accuracy: 0.5588Train_accuracy: 0.8199
Epoch: 4940, Loss: 0.6035, total_correct: 39.0,total_examples: 68.0,accuracy: 0.5735Train_accuracy: 0.8272
Epoch: 4950, Loss: 0.5877, total_correct: 39.0,total_examples: 68.0,accuracy: 0.5735Train_accuracy: 0.8235
Epoch: 4960, Loss: 0.6094, total_correct: 39.0,total_examples: 68.0,accuracy: 0.5735Train_accuracy: 0.8162
Epoch: 4970, Loss: 0.6271, total_correct: 38.0,total_examples: 68.0,accuracy: 0.5588Train_accuracy: 0.8235
Epoch: 4980, Loss: 0.5733, total_correct: 37.0,total_examples: 68.0,accuracy: 0.5441Train_accuracy: 0.8235
Epoch: 4990, Loss: 0.5861, total_correct: 36.0,total_examples: 68.0,accuracy: 0.5294Train_accuracy: 0.8309
